<?xml version="1.0" encoding="UTF-8"?>
<!-- Generated by org.testng.reporters.JUnitReportReporter -->
<testsuite hostname="TestingWorld-PC" name="testcases.B" tests="1" failures="0" timestamp="20 Jan 2018 04:38:50 GMT" time="38.680" errors="0">
  <testcase name="tc001" time="38.680" classname="testcases.B"/>
</testsuite> <!-- testcases.B -->
