<?xml version="1.0" encoding="UTF-8"?>
<!-- Generated by org.testng.reporters.JUnitReportReporter -->
<testsuite hostname="TestingWorld-PC" name="testcases.TC_004" tests="1" failures="0" timestamp="21 Jan 2018 04:52:38 GMT" time="15.388" errors="0">
  <testcase name="tc001" time="15.388" classname="testcases.TC_004"/>
</testsuite> <!-- testcases.TC_004 -->
