<?xml version="1.0" encoding="UTF-8"?>
<!-- Generated by org.testng.reporters.JUnitReportReporter -->
<testsuite hostname="TestingWorld-PC" name="testcases.TC_001" tests="1" failures="0" timestamp="23 Jan 2018 05:05:41 GMT" time="28.186" errors="0">
  <testcase name="tc001" time="28.186" classname="testcases.TC_001"/>
</testsuite> <!-- testcases.TC_001 -->
