<?xml version="1.0" encoding="UTF-8"?>
<!-- Generated by org.testng.reporters.JUnitReportReporter -->
<testsuite hostname="TestingWorld-PC" name="testcases.A" tests="1" failures="0" timestamp="21 Jan 2018 03:51:28 GMT" time="24.366" errors="0">
  <testcase name="tc001" time="24.366" classname="testcases.A"/>
</testsuite> <!-- testcases.A -->
