<?xml version="1.0" encoding="UTF-8"?>
<!-- Generated by org.testng.reporters.JUnitReportReporter -->
<testsuite hostname="TestingWorld-PC" name="testcases.TC_002" tests="1" failures="0" timestamp="21 Jan 2018 04:51:56 GMT" time="21.799" errors="0">
  <testcase name="tc001" time="21.799" classname="testcases.TC_002"/>
</testsuite> <!-- testcases.TC_002 -->
